<?xml version="1.0" encoding="UTF-8"?>
<testsuite name="org.spotifumtp37.model.user.HistoryTest" tests="11" skipped="0" failures="0" errors="0" timestamp="2026-04-20T11:27:50" hostname="joao-ASUS-TUF-Dash-F15-FX517ZE-FX517ZE" time="0.007">
  <properties/>
  <testcase name="testClone()" classname="org.spotifumtp37.model.user.HistoryTest" time="0.0"/>
  <testcase name="testToString()" classname="org.spotifumtp37.model.user.HistoryTest" time="0.0"/>
  <testcase name="testConstructors()" classname="org.spotifumtp37.model.user.HistoryTest" time="0.001"/>
  <testcase name="getSong()" classname="org.spotifumtp37.model.user.HistoryTest" time="0.0"/>
  <testcase name="getTime()" classname="org.spotifumtp37.model.user.HistoryTest" time="0.0"/>
  <testcase name="testSongModificationIsolation()" classname="org.spotifumtp37.model.user.HistoryTest" time="0.0"/>
  <testcase name="testCloneWithNulls()" classname="org.spotifumtp37.model.user.HistoryTest" time="0.0"/>
  <testcase name="testHashCode()" classname="org.spotifumtp37.model.user.HistoryTest" time="0.0"/>
  <testcase name="testEquals()" classname="org.spotifumtp37.model.user.HistoryTest" time="0.001"/>
  <testcase name="setSong()" classname="org.spotifumtp37.model.user.HistoryTest" time="0.0"/>
  <testcase name="setTime()" classname="org.spotifumtp37.model.user.HistoryTest" time="0.001"/>
  <system-out><![CDATA[]]></system-out>
  <system-err><![CDATA[]]></system-err>
</testsuite>
