<?xml version="1.0" encoding="UTF-8"?>
<testsuite name="org.spotifumtp37.util.StatsTest" tests="7" skipped="0" failures="0" errors="0" timestamp="2026-04-20T11:27:50" hostname="joao-ASUS-TUF-Dash-F15-FX517ZE-FX517ZE" time="0.008">
  <properties/>
  <testcase name="userWithMostPlaylists()" classname="org.spotifumtp37.util.StatsTest" time="0.002"/>
  <testcase name="getUserWithMostPoints()" classname="org.spotifumtp37.util.StatsTest" time="0.001"/>
  <testcase name="getMostListenedArtist()" classname="org.spotifumtp37.util.StatsTest" time="0.0"/>
  <testcase name="countPublicPlaylists()" classname="org.spotifumtp37.util.StatsTest" time="0.0"/>
  <testcase name="mostListenedGenre()" classname="org.spotifumtp37.util.StatsTest" time="0.001"/>
  <testcase name="getMostPlayedSong()" classname="org.spotifumtp37.util.StatsTest" time="0.0"/>
  <testcase name="getTopListener()" classname="org.spotifumtp37.util.StatsTest" time="0.001"/>
  <system-out><![CDATA[]]></system-out>
  <system-err><![CDATA[]]></system-err>
</testsuite>
