<?xml version="1.0" encoding="UTF-8"?>
<testsuite name="org.spotifumtp37.model.album.Song_ESTest" tests="47" skipped="0" failures="0" errors="0" timestamp="2026-04-20T11:27:52" hostname="joao-ASUS-TUF-Dash-F15-FX517ZE-FX517ZE" time="0.044">
  <properties/>
  <testcase name="test19" classname="org.spotifumtp37.model.album.Song_ESTest" time="0.002"/>
  <testcase name="test18" classname="org.spotifumtp37.model.album.Song_ESTest" time="0.001"/>
  <testcase name="test17" classname="org.spotifumtp37.model.album.Song_ESTest" time="0.001"/>
  <testcase name="test39" classname="org.spotifumtp37.model.album.Song_ESTest" time="0.001"/>
  <testcase name="test12" classname="org.spotifumtp37.model.album.Song_ESTest" time="0.001"/>
  <testcase name="test34" classname="org.spotifumtp37.model.album.Song_ESTest" time="0.001"/>
  <testcase name="test11" classname="org.spotifumtp37.model.album.Song_ESTest" time="0.001"/>
  <testcase name="test33" classname="org.spotifumtp37.model.album.Song_ESTest" time="0.001"/>
  <testcase name="test10" classname="org.spotifumtp37.model.album.Song_ESTest" time="0.003"/>
  <testcase name="test32" classname="org.spotifumtp37.model.album.Song_ESTest" time="0.001"/>
  <testcase name="test31" classname="org.spotifumtp37.model.album.Song_ESTest" time="0.001"/>
  <testcase name="test16" classname="org.spotifumtp37.model.album.Song_ESTest" time="0.0"/>
  <testcase name="test38" classname="org.spotifumtp37.model.album.Song_ESTest" time="0.0"/>
  <testcase name="test15" classname="org.spotifumtp37.model.album.Song_ESTest" time="0.001"/>
  <testcase name="test37" classname="org.spotifumtp37.model.album.Song_ESTest" time="0.001"/>
  <testcase name="test14" classname="org.spotifumtp37.model.album.Song_ESTest" time="0.002"/>
  <testcase name="test36" classname="org.spotifumtp37.model.album.Song_ESTest" time="0.001"/>
  <testcase name="test13" classname="org.spotifumtp37.model.album.Song_ESTest" time="0.001"/>
  <testcase name="test35" classname="org.spotifumtp37.model.album.Song_ESTest" time="0.001"/>
  <testcase name="test30" classname="org.spotifumtp37.model.album.Song_ESTest" time="0.0"/>
  <testcase name="test09" classname="org.spotifumtp37.model.album.Song_ESTest" time="0.001"/>
  <testcase name="test08" classname="org.spotifumtp37.model.album.Song_ESTest" time="0.001"/>
  <testcase name="test07" classname="org.spotifumtp37.model.album.Song_ESTest" time="0.001"/>
  <testcase name="test29" classname="org.spotifumtp37.model.album.Song_ESTest" time="0.001"/>
  <testcase name="test06" classname="org.spotifumtp37.model.album.Song_ESTest" time="0.001"/>
  <testcase name="test28" classname="org.spotifumtp37.model.album.Song_ESTest" time="0.0"/>
  <testcase name="test01" classname="org.spotifumtp37.model.album.Song_ESTest" time="0.0"/>
  <testcase name="test23" classname="org.spotifumtp37.model.album.Song_ESTest" time="0.001"/>
  <testcase name="test45" classname="org.spotifumtp37.model.album.Song_ESTest" time="0.0"/>
  <testcase name="test00" classname="org.spotifumtp37.model.album.Song_ESTest" time="0.001"/>
  <testcase name="test22" classname="org.spotifumtp37.model.album.Song_ESTest" time="0.001"/>
  <testcase name="test44" classname="org.spotifumtp37.model.album.Song_ESTest" time="0.0"/>
  <testcase name="test21" classname="org.spotifumtp37.model.album.Song_ESTest" time="0.0"/>
  <testcase name="test43" classname="org.spotifumtp37.model.album.Song_ESTest" time="0.001"/>
  <testcase name="test20" classname="org.spotifumtp37.model.album.Song_ESTest" time="0.001"/>
  <testcase name="test42" classname="org.spotifumtp37.model.album.Song_ESTest" time="0.001"/>
  <testcase name="test05" classname="org.spotifumtp37.model.album.Song_ESTest" time="0.0"/>
  <testcase name="test27" classname="org.spotifumtp37.model.album.Song_ESTest" time="0.001"/>
  <testcase name="test04" classname="org.spotifumtp37.model.album.Song_ESTest" time="0.001"/>
  <testcase name="test26" classname="org.spotifumtp37.model.album.Song_ESTest" time="0.001"/>
  <testcase name="test03" classname="org.spotifumtp37.model.album.Song_ESTest" time="0.0"/>
  <testcase name="test25" classname="org.spotifumtp37.model.album.Song_ESTest" time="0.001"/>
  <testcase name="test02" classname="org.spotifumtp37.model.album.Song_ESTest" time="0.001"/>
  <testcase name="test24" classname="org.spotifumtp37.model.album.Song_ESTest" time="0.001"/>
  <testcase name="test46" classname="org.spotifumtp37.model.album.Song_ESTest" time="0.001"/>
  <testcase name="test41" classname="org.spotifumtp37.model.album.Song_ESTest" time="0.001"/>
  <testcase name="test40" classname="org.spotifumtp37.model.album.Song_ESTest" time="0.001"/>
  <system-out><![CDATA[12:27:52.570 [Test worker] INFO org.evosuite.runtime.instrumentation.EvoClassLoader - Seeing class for first time: org.spotifumtp37.model.album.Song_ESTest
12:27:52.570 [Test worker] INFO org.evosuite.runtime.instrumentation.EvoClassLoader - Instrumenting class 'org.spotifumtp37.model.album.Song_ESTest'.
12:27:52.573 [Test worker] INFO org.evosuite.runtime.instrumentation.EvoClassLoader - Seeing class for first time: org.spotifumtp37.model.album.Song_ESTest_scaffolding
12:27:52.574 [Test worker] INFO org.evosuite.runtime.instrumentation.EvoClassLoader - Instrumenting class 'org.spotifumtp37.model.album.Song_ESTest_scaffolding'.
12:27:52.575 [Test worker] INFO org.evosuite.runtime.instrumentation.EvoClassLoader - Keeping class: org.spotifumtp37.model.album.Song_ESTest_scaffolding
12:27:52.575 [Test worker] INFO org.evosuite.runtime.instrumentation.EvoClassLoader - Keeping class: org.spotifumtp37.model.album.Song_ESTest
12:27:52.578 [Test worker] DEBUG org.evosuite.runtime.sandbox.MSecurityManager - Adding privileged thread: "Reference Handler"
12:27:52.579 [Test worker] DEBUG org.evosuite.runtime.sandbox.MSecurityManager - Adding privileged thread: "Finalizer"
12:27:52.579 [Test worker] DEBUG org.evosuite.runtime.sandbox.MSecurityManager - Adding privileged thread: "Signal Dispatcher"
12:27:52.579 [Test worker] DEBUG org.evosuite.runtime.sandbox.MSecurityManager - Adding privileged thread: "process reaper"
12:27:52.579 [Test worker] DEBUG org.evosuite.runtime.sandbox.MSecurityManager - Adding privileged thread: "Java2D Disposer"
12:27:52.579 [Test worker] DEBUG org.evosuite.runtime.sandbox.MSecurityManager - Adding privileged thread: "Test worker"
12:27:52.579 [Test worker] DEBUG org.evosuite.runtime.sandbox.MSecurityManager - Adding privileged thread: "/127.0.0.1:50848 to /127.0.0.1:40893 workers"
12:27:52.579 [Test worker] DEBUG org.evosuite.runtime.sandbox.MSecurityManager - Adding privileged thread: "/127.0.0.1:50848 to /127.0.0.1:40893 workers Thread 2"
12:27:52.579 [Test worker] DEBUG org.evosuite.runtime.sandbox.MSecurityManager - Adding privileged thread: "/127.0.0.1:50848 to /127.0.0.1:40893 workers Thread 3"
12:27:52.579 [Test worker] INFO org.evosuite.runtime.instrumentation.EvoClassLoader - Seeing class for first time: org.spotifumtp37.model.album.Song
12:27:52.579 [Test worker] INFO org.evosuite.runtime.instrumentation.EvoClassLoader - Instrumenting class 'org.spotifumtp37.model.album.Song'.
12:27:52.580 [Test worker] INFO org.evosuite.runtime.instrumentation.MethodCallReplacementClassAdapter - Adding mock interface to class org/spotifumtp37/model/album/Song
12:27:52.581 [Test worker] INFO org.evosuite.runtime.instrumentation.CreateClassResetClassAdapter - Creating brand-new static initializer in class org/spotifumtp37/model/album/Song
12:27:52.581 [Test worker] INFO org.evosuite.runtime.instrumentation.EvoClassLoader - Keeping class: org.spotifumtp37.model.album.Song
]]></system-out>
  <system-err><![CDATA[]]></system-err>
</testsuite>
